[debug] [2020-09-13T13:10:16.432Z] ----------------------------------------------------------------------
[debug] [2020-09-13T13:10:16.435Z] Command:       /usr/local/bin/node /usr/local/bin/firebase emulators:start
[debug] [2020-09-13T13:10:16.435Z] CLI Version:   8.10.0
[debug] [2020-09-13T13:10:16.435Z] Platform:      darwin
[debug] [2020-09-13T13:10:16.435Z] Node Version:  v10.16.3
[debug] [2020-09-13T13:10:16.437Z] Time:          Sun Sep 13 2020 09:10:16 GMT-0400 (Eastern Daylight Time)
[debug] [2020-09-13T13:10:16.437Z] ----------------------------------------------------------------------
[debug] [2020-09-13T13:10:16.437Z] 
[debug] [2020-09-13T13:10:16.450Z] > command requires scopes: ["email","openid","https://www.googleapis.com/auth/cloudplatformprojects.readonly","https://www.googleapis.com/auth/firebase","https://www.googleapis.com/auth/cloud-platform"]
[debug] [2020-09-13T13:10:16.451Z] > authorizing via signed-in user
[info] i  emulators: Starting emulators: functions, hosting {"metadata":{"emulator":{"name":"hub"},"message":"Starting emulators: functions, hosting"}}
[debug] [2020-09-13T13:10:16.480Z] [hub] writing locator at /var/folders/03/669fvd516_zdzchv98s4wgsm0000gn/T/hub-clone-33d8a.json
[warn] ⚠  functions: The following emulators are not running, calls to these services from the Functions emulator will affect production: firestore, database, pubsub {"metadata":{"emulator":{"name":"functions"},"message":"The following emulators are not running, calls to these services from the Functions emulator will affect production: \u001b[1mfirestore, database, pubsub\u001b[22m"}}
[info] ✔  functions: Using node@10 from host. {"metadata":{"emulator":{"name":"functions"},"message":"Using node@10 from host."}}
[debug] [2020-09-13T13:10:16.528Z] defaultcredentials: writing to file /Users/amantinasosa/.config/firebase/amantinasosa_gmail_com_application_default_credentials.json
[debug] [2020-09-13T13:10:16.530Z] Setting GAC to /Users/amantinasosa/.config/firebase/amantinasosa_gmail_com_application_default_credentials.json {"metadata":{"emulator":{"name":"functions"},"message":"Setting GAC to /Users/amantinasosa/.config/firebase/amantinasosa_gmail_com_application_default_credentials.json"}}
[debug] [2020-09-13T13:10:16.799Z] >>> HTTP REQUEST GET https://firebase.googleapis.com/v1beta1/projects/clone-33d8a/webApps/-/config  
 
[debug] [2020-09-13T13:10:18.311Z] <<< HTTP RESPONSE 200 {"content-type":"application/json; charset=UTF-8","vary":"X-Origin, Referer, Origin,Accept-Encoding","date":"Sun, 13 Sep 2020 13:10:17 GMT","server":"ESF","cache-control":"private","x-xss-protection":"0","x-frame-options":"SAMEORIGIN","x-content-type-options":"nosniff","alt-svc":"h3-29=\":443\"; ma=2592000,h3-27=\":443\"; ma=2592000,h3-T051=\":443\"; ma=2592000,h3-T050=\":443\"; ma=2592000,h3-Q050=\":443\"; ma=2592000,h3-Q046=\":443\"; ma=2592000,h3-Q043=\":443\"; ma=2592000,quic=\":443\"; ma=2592000; v=\"46,43\"","accept-ranges":"none","transfer-encoding":"chunked"}
[info] i  hosting: Serving hosting files from: build {"metadata":{"emulator":{"name":"hosting"},"message":"Serving hosting files from: \u001b[1mbuild\u001b[22m"}}
[info] ✔  hosting: Local server: http://localhost:5000 {"metadata":{"emulator":{"name":"hosting"},"message":"Local server: \u001b[4m\u001b[1mhttp://localhost:5000\u001b[22m\u001b[24m"}}
[debug] [2020-09-13T13:10:18.358Z] Ignoring unsupported arg: auto_download {"metadata":{"emulator":{"name":"ui"},"message":"Ignoring unsupported arg: auto_download"}}
[debug] [2020-09-13T13:10:18.359Z] Ignoring unsupported arg: port {"metadata":{"emulator":{"name":"ui"},"message":"Ignoring unsupported arg: port"}}
[debug] [2020-09-13T13:10:18.359Z] Starting Emulator UI with command {"binary":"node","args":["/Users/amantinasosa/.cache/firebase/emulators/ui-v1.1.1/server.bundle.js"],"optionalArgs":[],"joinArgs":false} {"metadata":{"emulator":{"name":"ui"},"message":"Starting Emulator UI with command {\"binary\":\"node\",\"args\":[\"/Users/amantinasosa/.cache/firebase/emulators/ui-v1.1.1/server.bundle.js\"],\"optionalArgs\":[],\"joinArgs\":false}"}}
[info] i  ui: Emulator UI logging to ui-debug.log {"metadata":{"emulator":{"name":"ui"},"message":"Emulator UI logging to \u001b[1mui-debug.log\u001b[22m"}}
[debug] [2020-09-13T13:10:18.566Z] Web / API server started at http://localhost:4000
 {"metadata":{"emulator":{"name":"ui"},"message":"Web / API server started at http://localhost:4000\n"}}
[info] i  functions: Watching "/Users/amantinasosa/Desktop/Practice Projects/amazon-clone/functions" for Cloud Functions... {"metadata":{"emulator":{"name":"functions"},"message":"Watching \"/Users/amantinasosa/Desktop/Practice Projects/amazon-clone/functions\" for Cloud Functions..."}}
[debug] [2020-09-13T13:10:18.633Z] [worker-pool] addWorker(~diagnostic~) {"metadata":{"emulator":{"name":"functions"},"message":"[worker-pool] addWorker(~diagnostic~)"}}
[debug] [2020-09-13T13:10:18.634Z] [worker-pool] Adding worker with key ~diagnostic~, total=1 {"metadata":{"emulator":{"name":"functions"},"message":"[worker-pool] Adding worker with key ~diagnostic~, total=1"}}
[debug] [2020-09-13T13:10:18.634Z] [worker-pool] submitWork(triggerId=) {"metadata":{"emulator":{"name":"functions"},"message":"[worker-pool] submitWork(triggerId=)"}}
[debug] [2020-09-13T13:10:18.635Z] [worker-~diagnostic~-211f1d47-9bb4-4350-875e-1d49f20a1514]: Assigning socketPath: /var/folders/03/669fvd516_zdzchv98s4wgsm0000gn/T/fire_emu_1042.sock {"metadata":{"emulator":{"name":"functions"},"message":"[worker-~diagnostic~-211f1d47-9bb4-4350-875e-1d49f20a1514]: Assigning socketPath: /var/folders/03/669fvd516_zdzchv98s4wgsm0000gn/T/fire_emu_1042.sock"}}
[debug] [2020-09-13T13:10:18.635Z] [worker-~diagnostic~-211f1d47-9bb4-4350-875e-1d49f20a1514]: BUSY {"metadata":{"emulator":{"name":"functions"},"message":"[worker-~diagnostic~-211f1d47-9bb4-4350-875e-1d49f20a1514]: BUSY"}}
[debug] [2020-09-13T13:10:19.034Z] [runtime-status] [1042] Functions runtime initialized. {"cwd":"/Users/amantinasosa/Desktop/Practice Projects/amazon-clone/functions","node_version":"10.16.3"} {"metadata":{"emulator":{"name":"functions"},"message":"[runtime-status] [1042] Functions runtime initialized. {\"cwd\":\"/Users/amantinasosa/Desktop/Practice Projects/amazon-clone/functions\",\"node_version\":\"10.16.3\"}"}}
[debug] [2020-09-13T13:10:19.036Z] [runtime-status] [1042] Disabled runtime features: undefined {"metadata":{"emulator":{"name":"functions"},"message":"[runtime-status] [1042] Disabled runtime features: undefined"}}
[debug] [2020-09-13T13:10:19.047Z] [runtime-status] [1042] Resolved module firebase-admin {"declared":true,"installed":true,"version":"8.13.0","resolution":"/Users/amantinasosa/Desktop/Practice Projects/amazon-clone/functions/node_modules/firebase-admin/lib/index.js"} {"metadata":{"emulator":{"name":"functions"},"message":"[runtime-status] [1042] Resolved module firebase-admin {\"declared\":true,\"installed\":true,\"version\":\"8.13.0\",\"resolution\":\"/Users/amantinasosa/Desktop/Practice Projects/amazon-clone/functions/node_modules/firebase-admin/lib/index.js\"}"}}
[debug] [2020-09-13T13:10:19.049Z] [runtime-status] [1042] Resolved module firebase-functions {"declared":true,"installed":true,"version":"3.11.0","resolution":"/Users/amantinasosa/Desktop/Practice Projects/amazon-clone/functions/node_modules/firebase-functions/lib/index.js"} {"metadata":{"emulator":{"name":"functions"},"message":"[runtime-status] [1042] Resolved module firebase-functions {\"declared\":true,\"installed\":true,\"version\":\"3.11.0\",\"resolution\":\"/Users/amantinasosa/Desktop/Practice Projects/amazon-clone/functions/node_modules/firebase-functions/lib/index.js\"}"}}
[debug] [2020-09-13T13:10:19.050Z] [runtime-status] [1042] Resolved module firebase-functions {"declared":true,"installed":true,"version":"3.11.0","resolution":"/Users/amantinasosa/Desktop/Practice Projects/amazon-clone/functions/node_modules/firebase-functions/lib/index.js"} {"metadata":{"emulator":{"name":"functions"},"message":"[runtime-status] [1042] Resolved module firebase-functions {\"declared\":true,\"installed\":true,\"version\":\"3.11.0\",\"resolution\":\"/Users/amantinasosa/Desktop/Practice Projects/amazon-clone/functions/node_modules/firebase-functions/lib/index.js\"}"}}
[debug] [2020-09-13T13:10:19.055Z] [runtime-status] [1042] Outgoing network have been stubbed. [{"name":"http","status":"mocked"},{"name":"http","status":"mocked"},{"name":"https","status":"mocked"},{"name":"https","status":"mocked"},{"name":"net","status":"mocked"}] {"metadata":{"emulator":{"name":"functions"},"message":"[runtime-status] [1042] Outgoing network have been stubbed. [{\"name\":\"http\",\"status\":\"mocked\"},{\"name\":\"http\",\"status\":\"mocked\"},{\"name\":\"https\",\"status\":\"mocked\"},{\"name\":\"https\",\"status\":\"mocked\"},{\"name\":\"net\",\"status\":\"mocked\"}]"}}
[debug] [2020-09-13T13:10:19.055Z] [runtime-status] [1042] Resolved module firebase-functions {"declared":true,"installed":true,"version":"3.11.0","resolution":"/Users/amantinasosa/Desktop/Practice Projects/amazon-clone/functions/node_modules/firebase-functions/lib/index.js"} {"metadata":{"emulator":{"name":"functions"},"message":"[runtime-status] [1042] Resolved module firebase-functions {\"declared\":true,\"installed\":true,\"version\":\"3.11.0\",\"resolution\":\"/Users/amantinasosa/Desktop/Practice Projects/amazon-clone/functions/node_modules/firebase-functions/lib/index.js\"}"}}
[debug] [2020-09-13T13:10:19.119Z] [runtime-status] [1042] Checked functions.config() {"config":{}} {"metadata":{"emulator":{"name":"functions"},"message":"[runtime-status] [1042] Checked functions.config() {\"config\":{}}"}}
[debug] [2020-09-13T13:10:19.120Z] [runtime-status] [1042] firebase-functions has been stubbed. {"functionsResolution":{"declared":true,"installed":true,"version":"3.11.0","resolution":"/Users/amantinasosa/Desktop/Practice Projects/amazon-clone/functions/node_modules/firebase-functions/lib/index.js"}} {"metadata":{"emulator":{"name":"functions"},"message":"[runtime-status] [1042] firebase-functions has been stubbed. {\"functionsResolution\":{\"declared\":true,\"installed\":true,\"version\":\"3.11.0\",\"resolution\":\"/Users/amantinasosa/Desktop/Practice Projects/amazon-clone/functions/node_modules/firebase-functions/lib/index.js\"}}"}}
[debug] [2020-09-13T13:10:19.120Z] [runtime-status] [1042] Resolved module firebase-functions {"declared":true,"installed":true,"version":"3.11.0","resolution":"/Users/amantinasosa/Desktop/Practice Projects/amazon-clone/functions/node_modules/firebase-functions/lib/index.js"} {"metadata":{"emulator":{"name":"functions"},"message":"[runtime-status] [1042] Resolved module firebase-functions {\"declared\":true,\"installed\":true,\"version\":\"3.11.0\",\"resolution\":\"/Users/amantinasosa/Desktop/Practice Projects/amazon-clone/functions/node_modules/firebase-functions/lib/index.js\"}"}}
[debug] [2020-09-13T13:10:19.121Z] [runtime-status] [1042] Resolved module firebase-admin {"declared":true,"installed":true,"version":"8.13.0","resolution":"/Users/amantinasosa/Desktop/Practice Projects/amazon-clone/functions/node_modules/firebase-admin/lib/index.js"} {"metadata":{"emulator":{"name":"functions"},"message":"[runtime-status] [1042] Resolved module firebase-admin {\"declared\":true,\"installed\":true,\"version\":\"8.13.0\",\"resolution\":\"/Users/amantinasosa/Desktop/Practice Projects/amazon-clone/functions/node_modules/firebase-admin/lib/index.js\"}"}}
[debug] [2020-09-13T13:10:19.122Z] [runtime-status] [1042] Resolved module firebase-functions {"declared":true,"installed":true,"version":"3.11.0","resolution":"/Users/amantinasosa/Desktop/Practice Projects/amazon-clone/functions/node_modules/firebase-functions/lib/index.js"} {"metadata":{"emulator":{"name":"functions"},"message":"[runtime-status] [1042] Resolved module firebase-functions {\"declared\":true,\"installed\":true,\"version\":\"3.11.0\",\"resolution\":\"/Users/amantinasosa/Desktop/Practice Projects/amazon-clone/functions/node_modules/firebase-functions/lib/index.js\"}"}}
[debug] [2020-09-13T13:10:19.122Z] [runtime-status] [1042] firebase-admin has been stubbed. {"adminResolution":{"declared":true,"installed":true,"version":"8.13.0","resolution":"/Users/amantinasosa/Desktop/Practice Projects/amazon-clone/functions/node_modules/firebase-admin/lib/index.js"}} {"metadata":{"emulator":{"name":"functions"},"message":"[runtime-status] [1042] firebase-admin has been stubbed. {\"adminResolution\":{\"declared\":true,\"installed\":true,\"version\":\"8.13.0\",\"resolution\":\"/Users/amantinasosa/Desktop/Practice Projects/amazon-clone/functions/node_modules/firebase-admin/lib/index.js\"}}"}}
[info] ✔  functions[api]: http function initialized (http://localhost:5001/clone-33d8a/us-central1/api). {"metadata":{"emulator":{"name":"functions"},"message":"\u001b[1mhttp\u001b[22m function initialized (http://localhost:5001/clone-33d8a/us-central1/api)."}}
[info] 
┌───────────────────────────────────────────────────────────────────────┐
│ ✔  All emulators ready! View status and logs at http://localhost:4000 │
└───────────────────────────────────────────────────────────────────────┘

┌───────────┬────────────────┬─────────────────────────────────┐
│ Emulator  │ Host:Port      │ View in Emulator UI             │
├───────────┼────────────────┼─────────────────────────────────┤
│ Functions │ localhost:5001 │ http://localhost:4000/functions │
├───────────┼────────────────┼─────────────────────────────────┤
│ Hosting   │ localhost:5000 │ n/a                             │
└───────────┴────────────────┴─────────────────────────────────┘
  Other reserved ports: 4400, 4500

Issues? Report them at https://github.com/firebase/firebase-tools/issues and attach the *-debug.log files.
 
[debug] [2020-09-13T13:10:19.325Z] [worker-~diagnostic~-211f1d47-9bb4-4350-875e-1d49f20a1514]: IDLE {"metadata":{"emulator":{"name":"functions"},"message":"[worker-~diagnostic~-211f1d47-9bb4-4350-875e-1d49f20a1514]: IDLE"}}
[debug] [2020-09-13T14:56:17.899Z] Received signal SIGHUP 1
[debug] [2020-09-14T10:53:06.838Z] ----------------------------------------------------------------------
[debug] [2020-09-14T10:53:06.843Z] Command:       /usr/local/bin/node /usr/local/bin/firebase emulators:start
[debug] [2020-09-14T10:53:06.844Z] CLI Version:   8.10.0
[debug] [2020-09-14T10:53:06.844Z] Platform:      darwin
[debug] [2020-09-14T10:53:06.844Z] Node Version:  v10.16.3
[debug] [2020-09-14T10:53:06.848Z] Time:          Mon Sep 14 2020 06:53:06 GMT-0400 (Eastern Daylight Time)
[debug] [2020-09-14T10:53:06.848Z] ----------------------------------------------------------------------
[debug] [2020-09-14T10:53:06.848Z] 
[debug] [2020-09-14T10:53:06.865Z] > command requires scopes: ["email","openid","https://www.googleapis.com/auth/cloudplatformprojects.readonly","https://www.googleapis.com/auth/firebase","https://www.googleapis.com/auth/cloud-platform"]
[debug] [2020-09-14T10:53:06.865Z] > authorizing via signed-in user
[info] i  emulators: Starting emulators: functions, hosting {"metadata":{"emulator":{"name":"hub"},"message":"Starting emulators: functions, hosting"}}
[debug] [2020-09-14T10:53:06.906Z] [hub] writing locator at /var/folders/03/669fvd516_zdzchv98s4wgsm0000gn/T/hub-clone-33d8a.json
[warn] ⚠  functions: The following emulators are not running, calls to these services from the Functions emulator will affect production: firestore, database, pubsub {"metadata":{"emulator":{"name":"functions"},"message":"The following emulators are not running, calls to these services from the Functions emulator will affect production: \u001b[1mfirestore, database, pubsub\u001b[22m"}}
[info] ✔  functions: Using node@10 from host. {"metadata":{"emulator":{"name":"functions"},"message":"Using node@10 from host."}}
[debug] [2020-09-14T10:53:06.990Z] defaultcredentials: writing to file /Users/amantinasosa/.config/firebase/amantinasosa_gmail_com_application_default_credentials.json
[debug] [2020-09-14T10:53:06.996Z] Setting GAC to /Users/amantinasosa/.config/firebase/amantinasosa_gmail_com_application_default_credentials.json {"metadata":{"emulator":{"name":"functions"},"message":"Setting GAC to /Users/amantinasosa/.config/firebase/amantinasosa_gmail_com_application_default_credentials.json"}}
[debug] [2020-09-14T10:53:07.279Z] > refreshing access token with scopes: ["email","https://www.googleapis.com/auth/cloud-platform","https://www.googleapis.com/auth/cloudplatformprojects.readonly","https://www.googleapis.com/auth/firebase","openid"]
[debug] [2020-09-14T10:53:07.280Z] >>> HTTP REQUEST POST https://www.googleapis.com/oauth2/v3/token  
 <request body omitted>
[debug] [2020-09-14T10:53:07.461Z] <<< HTTP RESPONSE 200 {"content-type":"application/json; charset=utf-8","vary":"X-Origin, Referer, Origin,Accept-Encoding","date":"Mon, 14 Sep 2020 10:53:07 GMT","server":"scaffolding on HTTPServer2","cache-control":"private","x-xss-protection":"0","x-frame-options":"SAMEORIGIN","x-content-type-options":"nosniff","alt-svc":"h3-29=\":443\"; ma=2592000,h3-27=\":443\"; ma=2592000,h3-T051=\":443\"; ma=2592000,h3-T050=\":443\"; ma=2592000,h3-Q050=\":443\"; ma=2592000,h3-Q046=\":443\"; ma=2592000,h3-Q043=\":443\"; ma=2592000,quic=\":443\"; ma=2592000; v=\"46,43\"","accept-ranges":"none","transfer-encoding":"chunked"}
[debug] [2020-09-14T10:53:07.492Z] >>> HTTP REQUEST GET https://firebase.googleapis.com/v1beta1/projects/clone-33d8a/webApps/-/config  
 
[debug] [2020-09-14T10:53:08.533Z] <<< HTTP RESPONSE 200 {"content-type":"application/json; charset=UTF-8","vary":"X-Origin, Referer, Origin,Accept-Encoding","date":"Mon, 14 Sep 2020 10:53:08 GMT","server":"ESF","cache-control":"private","x-xss-protection":"0","x-frame-options":"SAMEORIGIN","x-content-type-options":"nosniff","alt-svc":"h3-29=\":443\"; ma=2592000,h3-27=\":443\"; ma=2592000,h3-T051=\":443\"; ma=2592000,h3-T050=\":443\"; ma=2592000,h3-Q050=\":443\"; ma=2592000,h3-Q046=\":443\"; ma=2592000,h3-Q043=\":443\"; ma=2592000,quic=\":443\"; ma=2592000; v=\"46,43\"","accept-ranges":"none","transfer-encoding":"chunked"}
[info] i  hosting: Serving hosting files from: build {"metadata":{"emulator":{"name":"hosting"},"message":"Serving hosting files from: \u001b[1mbuild\u001b[22m"}}
[info] ✔  hosting: Local server: http://localhost:5000 {"metadata":{"emulator":{"name":"hosting"},"message":"Local server: \u001b[4m\u001b[1mhttp://localhost:5000\u001b[22m\u001b[24m"}}
[debug] [2020-09-14T10:53:08.598Z] Ignoring unsupported arg: auto_download {"metadata":{"emulator":{"name":"ui"},"message":"Ignoring unsupported arg: auto_download"}}
[debug] [2020-09-14T10:53:08.599Z] Ignoring unsupported arg: port {"metadata":{"emulator":{"name":"ui"},"message":"Ignoring unsupported arg: port"}}
[debug] [2020-09-14T10:53:08.599Z] Starting Emulator UI with command {"binary":"node","args":["/Users/amantinasosa/.cache/firebase/emulators/ui-v1.1.1/server.bundle.js"],"optionalArgs":[],"joinArgs":false} {"metadata":{"emulator":{"name":"ui"},"message":"Starting Emulator UI with command {\"binary\":\"node\",\"args\":[\"/Users/amantinasosa/.cache/firebase/emulators/ui-v1.1.1/server.bundle.js\"],\"optionalArgs\":[],\"joinArgs\":false}"}}
[info] i  ui: Emulator UI logging to ui-debug.log {"metadata":{"emulator":{"name":"ui"},"message":"Emulator UI logging to \u001b[1mui-debug.log\u001b[22m"}}
[debug] [2020-09-14T10:53:08.838Z] Web / API server started at http://localhost:4000
 {"metadata":{"emulator":{"name":"ui"},"message":"Web / API server started at http://localhost:4000\n"}}
[info] i  functions: Watching "/Users/amantinasosa/Desktop/Practice Projects/amazon-clone/functions" for Cloud Functions... {"metadata":{"emulator":{"name":"functions"},"message":"Watching \"/Users/amantinasosa/Desktop/Practice Projects/amazon-clone/functions\" for Cloud Functions..."}}
[debug] [2020-09-14T10:53:08.872Z] [worker-pool] addWorker(~diagnostic~) {"metadata":{"emulator":{"name":"functions"},"message":"[worker-pool] addWorker(~diagnostic~)"}}
[debug] [2020-09-14T10:53:08.873Z] [worker-pool] Adding worker with key ~diagnostic~, total=1 {"metadata":{"emulator":{"name":"functions"},"message":"[worker-pool] Adding worker with key ~diagnostic~, total=1"}}
[debug] [2020-09-14T10:53:08.873Z] [worker-pool] submitWork(triggerId=) {"metadata":{"emulator":{"name":"functions"},"message":"[worker-pool] submitWork(triggerId=)"}}
[debug] [2020-09-14T10:53:08.874Z] [worker-~diagnostic~-558d02f5-d804-4a3c-a815-99df40990925]: Assigning socketPath: /var/folders/03/669fvd516_zdzchv98s4wgsm0000gn/T/fire_emu_1566.sock {"metadata":{"emulator":{"name":"functions"},"message":"[worker-~diagnostic~-558d02f5-d804-4a3c-a815-99df40990925]: Assigning socketPath: /var/folders/03/669fvd516_zdzchv98s4wgsm0000gn/T/fire_emu_1566.sock"}}
[debug] [2020-09-14T10:53:08.874Z] [worker-~diagnostic~-558d02f5-d804-4a3c-a815-99df40990925]: BUSY {"metadata":{"emulator":{"name":"functions"},"message":"[worker-~diagnostic~-558d02f5-d804-4a3c-a815-99df40990925]: BUSY"}}
[debug] [2020-09-14T10:53:09.660Z] [runtime-status] [1566] Functions runtime initialized. {"cwd":"/Users/amantinasosa/Desktop/Practice Projects/amazon-clone/functions","node_version":"10.16.3"} {"metadata":{"emulator":{"name":"functions"},"message":"[runtime-status] [1566] Functions runtime initialized. {\"cwd\":\"/Users/amantinasosa/Desktop/Practice Projects/amazon-clone/functions\",\"node_version\":\"10.16.3\"}"}}
[debug] [2020-09-14T10:53:09.662Z] [runtime-status] [1566] Disabled runtime features: undefined {"metadata":{"emulator":{"name":"functions"},"message":"[runtime-status] [1566] Disabled runtime features: undefined"}}
[debug] [2020-09-14T10:53:09.675Z] [runtime-status] [1566] Resolved module firebase-admin {"declared":true,"installed":true,"version":"8.13.0","resolution":"/Users/amantinasosa/Desktop/Practice Projects/amazon-clone/functions/node_modules/firebase-admin/lib/index.js"} {"metadata":{"emulator":{"name":"functions"},"message":"[runtime-status] [1566] Resolved module firebase-admin {\"declared\":true,\"installed\":true,\"version\":\"8.13.0\",\"resolution\":\"/Users/amantinasosa/Desktop/Practice Projects/amazon-clone/functions/node_modules/firebase-admin/lib/index.js\"}"}}
[debug] [2020-09-14T10:53:09.677Z] [runtime-status] [1566] Resolved module firebase-functions {"declared":true,"installed":true,"version":"3.11.0","resolution":"/Users/amantinasosa/Desktop/Practice Projects/amazon-clone/functions/node_modules/firebase-functions/lib/index.js"} {"metadata":{"emulator":{"name":"functions"},"message":"[runtime-status] [1566] Resolved module firebase-functions {\"declared\":true,\"installed\":true,\"version\":\"3.11.0\",\"resolution\":\"/Users/amantinasosa/Desktop/Practice Projects/amazon-clone/functions/node_modules/firebase-functions/lib/index.js\"}"}}
[debug] [2020-09-14T10:53:09.678Z] [runtime-status] [1566] Resolved module firebase-functions {"declared":true,"installed":true,"version":"3.11.0","resolution":"/Users/amantinasosa/Desktop/Practice Projects/amazon-clone/functions/node_modules/firebase-functions/lib/index.js"} {"metadata":{"emulator":{"name":"functions"},"message":"[runtime-status] [1566] Resolved module firebase-functions {\"declared\":true,\"installed\":true,\"version\":\"3.11.0\",\"resolution\":\"/Users/amantinasosa/Desktop/Practice Projects/amazon-clone/functions/node_modules/firebase-functions/lib/index.js\"}"}}
[debug] [2020-09-14T10:53:09.683Z] [runtime-status] [1566] Outgoing network have been stubbed. [{"name":"http","status":"mocked"},{"name":"http","status":"mocked"},{"name":"https","status":"mocked"},{"name":"https","status":"mocked"},{"name":"net","status":"mocked"}] {"metadata":{"emulator":{"name":"functions"},"message":"[runtime-status] [1566] Outgoing network have been stubbed. [{\"name\":\"http\",\"status\":\"mocked\"},{\"name\":\"http\",\"status\":\"mocked\"},{\"name\":\"https\",\"status\":\"mocked\"},{\"name\":\"https\",\"status\":\"mocked\"},{\"name\":\"net\",\"status\":\"mocked\"}]"}}
[debug] [2020-09-14T10:53:09.684Z] [runtime-status] [1566] Resolved module firebase-functions {"declared":true,"installed":true,"version":"3.11.0","resolution":"/Users/amantinasosa/Desktop/Practice Projects/amazon-clone/functions/node_modules/firebase-functions/lib/index.js"} {"metadata":{"emulator":{"name":"functions"},"message":"[runtime-status] [1566] Resolved module firebase-functions {\"declared\":true,\"installed\":true,\"version\":\"3.11.0\",\"resolution\":\"/Users/amantinasosa/Desktop/Practice Projects/amazon-clone/functions/node_modules/firebase-functions/lib/index.js\"}"}}
[debug] [2020-09-14T10:53:09.857Z] [runtime-status] [1566] Checked functions.config() {"config":{}} {"metadata":{"emulator":{"name":"functions"},"message":"[runtime-status] [1566] Checked functions.config() {\"config\":{}}"}}
[debug] [2020-09-14T10:53:09.857Z] [runtime-status] [1566] firebase-functions has been stubbed. {"functionsResolution":{"declared":true,"installed":true,"version":"3.11.0","resolution":"/Users/amantinasosa/Desktop/Practice Projects/amazon-clone/functions/node_modules/firebase-functions/lib/index.js"}} {"metadata":{"emulator":{"name":"functions"},"message":"[runtime-status] [1566] firebase-functions has been stubbed. {\"functionsResolution\":{\"declared\":true,\"installed\":true,\"version\":\"3.11.0\",\"resolution\":\"/Users/amantinasosa/Desktop/Practice Projects/amazon-clone/functions/node_modules/firebase-functions/lib/index.js\"}}"}}
[debug] [2020-09-14T10:53:09.859Z] [runtime-status] [1566] Resolved module firebase-functions {"declared":true,"installed":true,"version":"3.11.0","resolution":"/Users/amantinasosa/Desktop/Practice Projects/amazon-clone/functions/node_modules/firebase-functions/lib/index.js"} {"metadata":{"emulator":{"name":"functions"},"message":"[runtime-status] [1566] Resolved module firebase-functions {\"declared\":true,\"installed\":true,\"version\":\"3.11.0\",\"resolution\":\"/Users/amantinasosa/Desktop/Practice Projects/amazon-clone/functions/node_modules/firebase-functions/lib/index.js\"}"}}
[debug] [2020-09-14T10:53:09.859Z] [runtime-status] [1566] Resolved module firebase-admin {"declared":true,"installed":true,"version":"8.13.0","resolution":"/Users/amantinasosa/Desktop/Practice Projects/amazon-clone/functions/node_modules/firebase-admin/lib/index.js"} {"metadata":{"emulator":{"name":"functions"},"message":"[runtime-status] [1566] Resolved module firebase-admin {\"declared\":true,\"installed\":true,\"version\":\"8.13.0\",\"resolution\":\"/Users/amantinasosa/Desktop/Practice Projects/amazon-clone/functions/node_modules/firebase-admin/lib/index.js\"}"}}
[debug] [2020-09-14T10:53:09.905Z] [runtime-status] [1566] Resolved module firebase-functions {"declared":true,"installed":true,"version":"3.11.0","resolution":"/Users/amantinasosa/Desktop/Practice Projects/amazon-clone/functions/node_modules/firebase-functions/lib/index.js"} {"metadata":{"emulator":{"name":"functions"},"message":"[runtime-status] [1566] Resolved module firebase-functions {\"declared\":true,\"installed\":true,\"version\":\"3.11.0\",\"resolution\":\"/Users/amantinasosa/Desktop/Practice Projects/amazon-clone/functions/node_modules/firebase-functions/lib/index.js\"}"}}
[debug] [2020-09-14T10:53:09.905Z] [runtime-status] [1566] firebase-admin has been stubbed. {"adminResolution":{"declared":true,"installed":true,"version":"8.13.0","resolution":"/Users/amantinasosa/Desktop/Practice Projects/amazon-clone/functions/node_modules/firebase-admin/lib/index.js"}} {"metadata":{"emulator":{"name":"functions"},"message":"[runtime-status] [1566] firebase-admin has been stubbed. {\"adminResolution\":{\"declared\":true,\"installed\":true,\"version\":\"8.13.0\",\"resolution\":\"/Users/amantinasosa/Desktop/Practice Projects/amazon-clone/functions/node_modules/firebase-admin/lib/index.js\"}}"}}
[info] ✔  functions[api]: http function initialized (http://localhost:5001/clone-33d8a/us-central1/api). {"metadata":{"emulator":{"name":"functions"},"message":"\u001b[1mhttp\u001b[22m function initialized (http://localhost:5001/clone-33d8a/us-central1/api)."}}
[info] 
┌───────────────────────────────────────────────────────────────────────┐
│ ✔  All emulators ready! View status and logs at http://localhost:4000 │
└───────────────────────────────────────────────────────────────────────┘

┌───────────┬────────────────┬─────────────────────────────────┐
│ Emulator  │ Host:Port      │ View in Emulator UI             │
├───────────┼────────────────┼─────────────────────────────────┤
│ Functions │ localhost:5001 │ http://localhost:4000/functions │
├───────────┼────────────────┼─────────────────────────────────┤
│ Hosting   │ localhost:5000 │ n/a                             │
└───────────┴────────────────┴─────────────────────────────────┘
  Other reserved ports: 4400, 4500

Issues? Report them at https://github.com/firebase/firebase-tools/issues and attach the *-debug.log files.
 
[debug] [2020-09-14T10:53:10.428Z] [worker-~diagnostic~-558d02f5-d804-4a3c-a815-99df40990925]: IDLE {"metadata":{"emulator":{"name":"functions"},"message":"[worker-~diagnostic~-558d02f5-d804-4a3c-a815-99df40990925]: IDLE"}}
[debug] [2020-09-14T11:29:33.906Z] File /Users/amantinasosa/Desktop/Practice Projects/amazon-clone/functions/index.js changed, reloading triggers {"metadata":{"emulator":{"name":"functions"},"message":"File /Users/amantinasosa/Desktop/Practice Projects/amazon-clone/functions/index.js changed, reloading triggers"}}
[debug] [2020-09-14T11:29:34.912Z] [worker-pool] Shutting down IDLE worker (~diagnostic~) {"metadata":{"emulator":{"name":"functions"},"message":"[worker-pool] Shutting down IDLE worker (~diagnostic~)"}}
[debug] [2020-09-14T11:29:34.913Z] [worker-~diagnostic~-558d02f5-d804-4a3c-a815-99df40990925]: FINISHING {"metadata":{"emulator":{"name":"functions"},"message":"[worker-~diagnostic~-558d02f5-d804-4a3c-a815-99df40990925]: FINISHING"}}
[debug] [2020-09-14T11:29:34.925Z] [worker-pool] addWorker(~diagnostic~) {"metadata":{"emulator":{"name":"functions"},"message":"[worker-pool] addWorker(~diagnostic~)"}}
[debug] [2020-09-14T11:29:34.926Z] [worker-pool] Adding worker with key ~diagnostic~, total=2 {"metadata":{"emulator":{"name":"functions"},"message":"[worker-pool] Adding worker with key ~diagnostic~, total=2"}}
[debug] [2020-09-14T11:29:34.926Z] [worker-pool] submitWork(triggerId=) {"metadata":{"emulator":{"name":"functions"},"message":"[worker-pool] submitWork(triggerId=)"}}
[debug] [2020-09-14T11:29:34.927Z] [worker-~diagnostic~-48d21c50-03e2-4e8b-997a-e30580df171d]: Assigning socketPath: /var/folders/03/669fvd516_zdzchv98s4wgsm0000gn/T/fire_emu_2303.sock {"metadata":{"emulator":{"name":"functions"},"message":"[worker-~diagnostic~-48d21c50-03e2-4e8b-997a-e30580df171d]: Assigning socketPath: /var/folders/03/669fvd516_zdzchv98s4wgsm0000gn/T/fire_emu_2303.sock"}}
[debug] [2020-09-14T11:29:34.927Z] [worker-~diagnostic~-48d21c50-03e2-4e8b-997a-e30580df171d]: BUSY {"metadata":{"emulator":{"name":"functions"},"message":"[worker-~diagnostic~-48d21c50-03e2-4e8b-997a-e30580df171d]: BUSY"}}
[debug] [2020-09-14T11:29:34.935Z] [worker-~diagnostic~-558d02f5-d804-4a3c-a815-99df40990925]: exited {"metadata":{"emulator":{"name":"functions"},"message":"[worker-~diagnostic~-558d02f5-d804-4a3c-a815-99df40990925]: exited"}}
[debug] [2020-09-14T11:29:34.935Z] [worker-~diagnostic~-558d02f5-d804-4a3c-a815-99df40990925]: FINISHED {"metadata":{"emulator":{"name":"functions"},"message":"[worker-~diagnostic~-558d02f5-d804-4a3c-a815-99df40990925]: FINISHED"}}
[debug] [2020-09-14T11:29:35.651Z] [runtime-status] [2303] Functions runtime initialized. {"cwd":"/Users/amantinasosa/Desktop/Practice Projects/amazon-clone/functions","node_version":"10.16.3"} {"metadata":{"emulator":{"name":"functions"},"message":"[runtime-status] [2303] Functions runtime initialized. {\"cwd\":\"/Users/amantinasosa/Desktop/Practice Projects/amazon-clone/functions\",\"node_version\":\"10.16.3\"}"}}
[debug] [2020-09-14T11:29:35.653Z] [runtime-status] [2303] Disabled runtime features: undefined {"metadata":{"emulator":{"name":"functions"},"message":"[runtime-status] [2303] Disabled runtime features: undefined"}}
[debug] [2020-09-14T11:29:35.658Z] [runtime-status] [2303] Resolved module firebase-admin {"declared":true,"installed":true,"version":"8.13.0","resolution":"/Users/amantinasosa/Desktop/Practice Projects/amazon-clone/functions/node_modules/firebase-admin/lib/index.js"} {"metadata":{"emulator":{"name":"functions"},"message":"[runtime-status] [2303] Resolved module firebase-admin {\"declared\":true,\"installed\":true,\"version\":\"8.13.0\",\"resolution\":\"/Users/amantinasosa/Desktop/Practice Projects/amazon-clone/functions/node_modules/firebase-admin/lib/index.js\"}"}}
[debug] [2020-09-14T11:29:35.659Z] [runtime-status] [2303] Resolved module firebase-functions {"declared":true,"installed":true,"version":"3.11.0","resolution":"/Users/amantinasosa/Desktop/Practice Projects/amazon-clone/functions/node_modules/firebase-functions/lib/index.js"} {"metadata":{"emulator":{"name":"functions"},"message":"[runtime-status] [2303] Resolved module firebase-functions {\"declared\":true,\"installed\":true,\"version\":\"3.11.0\",\"resolution\":\"/Users/amantinasosa/Desktop/Practice Projects/amazon-clone/functions/node_modules/firebase-functions/lib/index.js\"}"}}
[debug] [2020-09-14T11:29:35.660Z] [runtime-status] [2303] Resolved module firebase-functions {"declared":true,"installed":true,"version":"3.11.0","resolution":"/Users/amantinasosa/Desktop/Practice Projects/amazon-clone/functions/node_modules/firebase-functions/lib/index.js"} {"metadata":{"emulator":{"name":"functions"},"message":"[runtime-status] [2303] Resolved module firebase-functions {\"declared\":true,\"installed\":true,\"version\":\"3.11.0\",\"resolution\":\"/Users/amantinasosa/Desktop/Practice Projects/amazon-clone/functions/node_modules/firebase-functions/lib/index.js\"}"}}
[debug] [2020-09-14T11:29:35.665Z] [runtime-status] [2303] Outgoing network have been stubbed. [{"name":"http","status":"mocked"},{"name":"http","status":"mocked"},{"name":"https","status":"mocked"},{"name":"https","status":"mocked"},{"name":"net","status":"mocked"}] {"metadata":{"emulator":{"name":"functions"},"message":"[runtime-status] [2303] Outgoing network have been stubbed. [{\"name\":\"http\",\"status\":\"mocked\"},{\"name\":\"http\",\"status\":\"mocked\"},{\"name\":\"https\",\"status\":\"mocked\"},{\"name\":\"https\",\"status\":\"mocked\"},{\"name\":\"net\",\"status\":\"mocked\"}]"}}
[debug] [2020-09-14T11:29:35.665Z] [runtime-status] [2303] Resolved module firebase-functions {"declared":true,"installed":true,"version":"3.11.0","resolution":"/Users/amantinasosa/Desktop/Practice Projects/amazon-clone/functions/node_modules/firebase-functions/lib/index.js"} {"metadata":{"emulator":{"name":"functions"},"message":"[runtime-status] [2303] Resolved module firebase-functions {\"declared\":true,\"installed\":true,\"version\":\"3.11.0\",\"resolution\":\"/Users/amantinasosa/Desktop/Practice Projects/amazon-clone/functions/node_modules/firebase-functions/lib/index.js\"}"}}
[debug] [2020-09-14T11:29:35.733Z] [runtime-status] [2303] Checked functions.config() {"config":{}} {"metadata":{"emulator":{"name":"functions"},"message":"[runtime-status] [2303] Checked functions.config() {\"config\":{}}"}}
[debug] [2020-09-14T11:29:35.734Z] [runtime-status] [2303] firebase-functions has been stubbed. {"functionsResolution":{"declared":true,"installed":true,"version":"3.11.0","resolution":"/Users/amantinasosa/Desktop/Practice Projects/amazon-clone/functions/node_modules/firebase-functions/lib/index.js"}} {"metadata":{"emulator":{"name":"functions"},"message":"[runtime-status] [2303] firebase-functions has been stubbed. {\"functionsResolution\":{\"declared\":true,\"installed\":true,\"version\":\"3.11.0\",\"resolution\":\"/Users/amantinasosa/Desktop/Practice Projects/amazon-clone/functions/node_modules/firebase-functions/lib/index.js\"}}"}}
[debug] [2020-09-14T11:29:35.734Z] [runtime-status] [2303] Resolved module firebase-functions {"declared":true,"installed":true,"version":"3.11.0","resolution":"/Users/amantinasosa/Desktop/Practice Projects/amazon-clone/functions/node_modules/firebase-functions/lib/index.js"} {"metadata":{"emulator":{"name":"functions"},"message":"[runtime-status] [2303] Resolved module firebase-functions {\"declared\":true,\"installed\":true,\"version\":\"3.11.0\",\"resolution\":\"/Users/amantinasosa/Desktop/Practice Projects/amazon-clone/functions/node_modules/firebase-functions/lib/index.js\"}"}}
[debug] [2020-09-14T11:29:35.735Z] [runtime-status] [2303] Resolved module firebase-admin {"declared":true,"installed":true,"version":"8.13.0","resolution":"/Users/amantinasosa/Desktop/Practice Projects/amazon-clone/functions/node_modules/firebase-admin/lib/index.js"} {"metadata":{"emulator":{"name":"functions"},"message":"[runtime-status] [2303] Resolved module firebase-admin {\"declared\":true,\"installed\":true,\"version\":\"8.13.0\",\"resolution\":\"/Users/amantinasosa/Desktop/Practice Projects/amazon-clone/functions/node_modules/firebase-admin/lib/index.js\"}"}}
[debug] [2020-09-14T11:29:35.736Z] [runtime-status] [2303] Resolved module firebase-functions {"declared":true,"installed":true,"version":"3.11.0","resolution":"/Users/amantinasosa/Desktop/Practice Projects/amazon-clone/functions/node_modules/firebase-functions/lib/index.js"} {"metadata":{"emulator":{"name":"functions"},"message":"[runtime-status] [2303] Resolved module firebase-functions {\"declared\":true,\"installed\":true,\"version\":\"3.11.0\",\"resolution\":\"/Users/amantinasosa/Desktop/Practice Projects/amazon-clone/functions/node_modules/firebase-functions/lib/index.js\"}"}}
[debug] [2020-09-14T11:29:35.736Z] [runtime-status] [2303] firebase-admin has been stubbed. {"adminResolution":{"declared":true,"installed":true,"version":"8.13.0","resolution":"/Users/amantinasosa/Desktop/Practice Projects/amazon-clone/functions/node_modules/firebase-admin/lib/index.js"}} {"metadata":{"emulator":{"name":"functions"},"message":"[runtime-status] [2303] firebase-admin has been stubbed. {\"adminResolution\":{\"declared\":true,\"installed\":true,\"version\":\"8.13.0\",\"resolution\":\"/Users/amantinasosa/Desktop/Practice Projects/amazon-clone/functions/node_modules/firebase-admin/lib/index.js\"}}"}}
[debug] [2020-09-14T11:29:35.946Z] [worker-~diagnostic~-48d21c50-03e2-4e8b-997a-e30580df171d]: IDLE {"metadata":{"emulator":{"name":"functions"},"message":"[worker-~diagnostic~-48d21c50-03e2-4e8b-997a-e30580df171d]: IDLE"}}
[debug] [2020-09-14T11:36:35.491Z] Received signal SIGHUP 1
